<?xml version="1.0" encoding="UTF-8"?>
<testng-results ignored="0" total="20" passed="20" failed="0" skipped="0">
  <reporter-output>
  </reporter-output>
  <suite started-at="2025-04-11T09:43:31 GMT" name="flight-reservation" finished-at="2025-04-11T09:45:16 GMT" duration-ms="104209">
    <groups>
    </groups>
    <test started-at="2025-04-11T09:43:31 GMT" name="passengers-count-3" finished-at="2025-04-11T09:44:15 GMT" duration-ms="43463">
      <class name="com.vinsguru.tests.flightreservation.FlightReservationTest">
        <test-method is-config="true" signature="setDriver(org.testng.ITestContext)[pri:0, instance:com.vinsguru.tests.flightreservation.FlightReservationTest@1da2cb77]" started-at="2025-04-11T09:43:31 GMT" name="setDriver" finished-at="2025-04-11T09:43:33 GMT" duration-ms="1505" status="PASS">
          <params>
            <param index="0">
              <value>
                <![CDATA[org.testng.TestRunner@3b0fe47a]]>
              </value>
            </param>
          </params>
          <reporter-output>
          </reporter-output>
        </test-method> <!-- setDriver -->
        <test-method is-config="true" signature="setParameters(java.lang.String)[pri:0, instance:com.vinsguru.tests.flightreservation.FlightReservationTest@1da2cb77]" started-at="2025-04-11T09:43:33 GMT" name="setParameters" finished-at="2025-04-11T09:43:33 GMT" depends-on-methods="com.vinsguru.tests.AbstractTest.setDriver" duration-ms="193" status="PASS">
          <params>
            <param index="0">
              <value>
                <![CDATA[test-data/flight-reservation/passenger-3.json]]>
              </value>
            </param>
          </params>
          <reporter-output>
          </reporter-output>
        </test-method> <!-- setParameters -->
        <test-method signature="userRegistrationTest()[pri:0, instance:com.vinsguru.tests.flightreservation.FlightReservationTest@1da2cb77]" started-at="2025-04-11T09:43:33 GMT" name="userRegistrationTest" finished-at="2025-04-11T09:43:48 GMT" duration-ms="15282" status="PASS">
          <reporter-output>
          </reporter-output>
        </test-method> <!-- userRegistrationTest -->
        <test-method is-config="true" signature="sleep()[pri:0, instance:com.vinsguru.tests.flightreservation.FlightReservationTest@1da2cb77]" started-at="2025-04-11T09:43:48 GMT" name="sleep" finished-at="2025-04-11T09:43:53 GMT" duration-ms="5001" status="PASS">
          <reporter-output>
          </reporter-output>
        </test-method> <!-- sleep -->
        <test-method signature="registrationConfirmationTest()[pri:0, instance:com.vinsguru.tests.flightreservation.FlightReservationTest@1da2cb77]" started-at="2025-04-11T09:43:53 GMT" name="registrationConfirmationTest" finished-at="2025-04-11T09:43:54 GMT" depends-on-methods="com.vinsguru.tests.flightreservation.FlightReservationTest.userRegistrationTest" duration-ms="277" status="PASS">
          <reporter-output>
          </reporter-output>
        </test-method> <!-- registrationConfirmationTest -->
        <test-method is-config="true" signature="sleep()[pri:0, instance:com.vinsguru.tests.flightreservation.FlightReservationTest@1da2cb77]" started-at="2025-04-11T09:43:54 GMT" name="sleep" finished-at="2025-04-11T09:43:59 GMT" duration-ms="5001" status="PASS">
          <reporter-output>
          </reporter-output>
        </test-method> <!-- sleep -->
        <test-method signature="flightsSearchTest()[pri:0, instance:com.vinsguru.tests.flightreservation.FlightReservationTest@1da2cb77]" started-at="2025-04-11T09:43:59 GMT" name="flightsSearchTest" finished-at="2025-04-11T09:43:59 GMT" depends-on-methods="com.vinsguru.tests.flightreservation.FlightReservationTest.registrationConfirmationTest" duration-ms="399" status="PASS">
          <reporter-output>
          </reporter-output>
        </test-method> <!-- flightsSearchTest -->
        <test-method is-config="true" signature="sleep()[pri:0, instance:com.vinsguru.tests.flightreservation.FlightReservationTest@1da2cb77]" started-at="2025-04-11T09:43:59 GMT" name="sleep" finished-at="2025-04-11T09:44:04 GMT" duration-ms="5001" status="PASS">
          <reporter-output>
          </reporter-output>
        </test-method> <!-- sleep -->
        <test-method signature="flightSelectionTest()[pri:0, instance:com.vinsguru.tests.flightreservation.FlightReservationTest@1da2cb77]" started-at="2025-04-11T09:44:04 GMT" name="flightSelectionTest" finished-at="2025-04-11T09:44:04 GMT" depends-on-methods="com.vinsguru.tests.flightreservation.FlightReservationTest.flightsSearchTest" duration-ms="464" status="PASS">
          <reporter-output>
          </reporter-output>
        </test-method> <!-- flightSelectionTest -->
        <test-method is-config="true" signature="sleep()[pri:0, instance:com.vinsguru.tests.flightreservation.FlightReservationTest@1da2cb77]" started-at="2025-04-11T09:44:04 GMT" name="sleep" finished-at="2025-04-11T09:44:09 GMT" duration-ms="5001" status="PASS">
          <reporter-output>
          </reporter-output>
        </test-method> <!-- sleep -->
        <test-method signature="flightReservationConfirmationTest()[pri:0, instance:com.vinsguru.tests.flightreservation.FlightReservationTest@1da2cb77]" started-at="2025-04-11T09:44:09 GMT" name="flightReservationConfirmationTest" finished-at="2025-04-11T09:44:10 GMT" depends-on-methods="com.vinsguru.tests.flightreservation.FlightReservationTest.flightSelectionTest" duration-ms="190" status="PASS">
          <reporter-output>
          </reporter-output>
        </test-method> <!-- flightReservationConfirmationTest -->
        <test-method is-config="true" signature="sleep()[pri:0, instance:com.vinsguru.tests.flightreservation.FlightReservationTest@1da2cb77]" started-at="2025-04-11T09:44:10 GMT" name="sleep" finished-at="2025-04-11T09:44:15 GMT" duration-ms="5001" status="PASS">
          <reporter-output>
          </reporter-output>
        </test-method> <!-- sleep -->
        <test-method is-config="true" signature="quitDriver()[pri:0, instance:com.vinsguru.tests.flightreservation.FlightReservationTest@1da2cb77]" started-at="2025-04-11T09:44:15 GMT" name="quitDriver" finished-at="2025-04-11T09:44:15 GMT" duration-ms="119" status="PASS">
          <reporter-output>
          </reporter-output>
        </test-method> <!-- quitDriver -->
      </class> <!-- com.vinsguru.tests.flightreservation.FlightReservationTest -->
    </test> <!-- passengers-count-3 -->
    <test started-at="2025-04-11T09:43:31 GMT" name="passengers-count-4" finished-at="2025-04-11T09:44:15 GMT" duration-ms="43493">
      <class name="com.vinsguru.tests.flightreservation.FlightReservationTest">
        <test-method is-config="true" signature="setupConfig()[pri:0, instance:com.vinsguru.tests.flightreservation.FlightReservationTest@a530d0a]" started-at="2025-04-11T09:43:31 GMT" name="setupConfig" finished-at="2025-04-11T09:43:31 GMT" duration-ms="18" status="PASS">
          <reporter-output>
          </reporter-output>
        </test-method> <!-- setupConfig -->
        <test-method is-config="true" signature="setDriver(org.testng.ITestContext)[pri:0, instance:com.vinsguru.tests.flightreservation.FlightReservationTest@a530d0a]" started-at="2025-04-11T09:43:31 GMT" name="setDriver" finished-at="2025-04-11T09:43:33 GMT" duration-ms="1504" status="PASS">
          <params>
            <param index="0">
              <value>
                <![CDATA[org.testng.TestRunner@202b0582]]>
              </value>
            </param>
          </params>
          <reporter-output>
          </reporter-output>
        </test-method> <!-- setDriver -->
        <test-method is-config="true" signature="setParameters(java.lang.String)[pri:0, instance:com.vinsguru.tests.flightreservation.FlightReservationTest@a530d0a]" started-at="2025-04-11T09:43:33 GMT" name="setParameters" finished-at="2025-04-11T09:43:33 GMT" depends-on-methods="com.vinsguru.tests.AbstractTest.setDriver" duration-ms="192" status="PASS">
          <params>
            <param index="0">
              <value>
                <![CDATA[test-data/flight-reservation/passenger-4.json]]>
              </value>
            </param>
          </params>
          <reporter-output>
          </reporter-output>
        </test-method> <!-- setParameters -->
        <test-method signature="userRegistrationTest()[pri:0, instance:com.vinsguru.tests.flightreservation.FlightReservationTest@a530d0a]" started-at="2025-04-11T09:43:33 GMT" name="userRegistrationTest" finished-at="2025-04-11T09:43:48 GMT" duration-ms="15278" status="PASS">
          <reporter-output>
          </reporter-output>
        </test-method> <!-- userRegistrationTest -->
        <test-method is-config="true" signature="sleep()[pri:0, instance:com.vinsguru.tests.flightreservation.FlightReservationTest@a530d0a]" started-at="2025-04-11T09:43:48 GMT" name="sleep" finished-at="2025-04-11T09:43:53 GMT" duration-ms="5000" status="PASS">
          <reporter-output>
          </reporter-output>
        </test-method> <!-- sleep -->
        <test-method signature="registrationConfirmationTest()[pri:0, instance:com.vinsguru.tests.flightreservation.FlightReservationTest@a530d0a]" started-at="2025-04-11T09:43:53 GMT" name="registrationConfirmationTest" finished-at="2025-04-11T09:43:54 GMT" depends-on-methods="com.vinsguru.tests.flightreservation.FlightReservationTest.userRegistrationTest" duration-ms="282" status="PASS">
          <reporter-output>
          </reporter-output>
        </test-method> <!-- registrationConfirmationTest -->
        <test-method is-config="true" signature="sleep()[pri:0, instance:com.vinsguru.tests.flightreservation.FlightReservationTest@a530d0a]" started-at="2025-04-11T09:43:54 GMT" name="sleep" finished-at="2025-04-11T09:43:59 GMT" duration-ms="5001" status="PASS">
          <reporter-output>
          </reporter-output>
        </test-method> <!-- sleep -->
        <test-method signature="flightsSearchTest()[pri:0, instance:com.vinsguru.tests.flightreservation.FlightReservationTest@a530d0a]" started-at="2025-04-11T09:43:59 GMT" name="flightsSearchTest" finished-at="2025-04-11T09:43:59 GMT" depends-on-methods="com.vinsguru.tests.flightreservation.FlightReservationTest.registrationConfirmationTest" duration-ms="396" status="PASS">
          <reporter-output>
          </reporter-output>
        </test-method> <!-- flightsSearchTest -->
        <test-method is-config="true" signature="sleep()[pri:0, instance:com.vinsguru.tests.flightreservation.FlightReservationTest@a530d0a]" started-at="2025-04-11T09:43:59 GMT" name="sleep" finished-at="2025-04-11T09:44:04 GMT" duration-ms="5001" status="PASS">
          <reporter-output>
          </reporter-output>
        </test-method> <!-- sleep -->
        <test-method signature="flightSelectionTest()[pri:0, instance:com.vinsguru.tests.flightreservation.FlightReservationTest@a530d0a]" started-at="2025-04-11T09:44:04 GMT" name="flightSelectionTest" finished-at="2025-04-11T09:44:04 GMT" depends-on-methods="com.vinsguru.tests.flightreservation.FlightReservationTest.flightsSearchTest" duration-ms="463" status="PASS">
          <reporter-output>
          </reporter-output>
        </test-method> <!-- flightSelectionTest -->
        <test-method is-config="true" signature="sleep()[pri:0, instance:com.vinsguru.tests.flightreservation.FlightReservationTest@a530d0a]" started-at="2025-04-11T09:44:04 GMT" name="sleep" finished-at="2025-04-11T09:44:09 GMT" duration-ms="5000" status="PASS">
          <reporter-output>
          </reporter-output>
        </test-method> <!-- sleep -->
        <test-method signature="flightReservationConfirmationTest()[pri:0, instance:com.vinsguru.tests.flightreservation.FlightReservationTest@a530d0a]" started-at="2025-04-11T09:44:09 GMT" name="flightReservationConfirmationTest" finished-at="2025-04-11T09:44:10 GMT" depends-on-methods="com.vinsguru.tests.flightreservation.FlightReservationTest.flightSelectionTest" duration-ms="210" status="PASS">
          <reporter-output>
          </reporter-output>
        </test-method> <!-- flightReservationConfirmationTest -->
        <test-method is-config="true" signature="sleep()[pri:0, instance:com.vinsguru.tests.flightreservation.FlightReservationTest@a530d0a]" started-at="2025-04-11T09:44:10 GMT" name="sleep" finished-at="2025-04-11T09:44:15 GMT" duration-ms="5001" status="PASS">
          <reporter-output>
          </reporter-output>
        </test-method> <!-- sleep -->
        <test-method is-config="true" signature="quitDriver()[pri:0, instance:com.vinsguru.tests.flightreservation.FlightReservationTest@a530d0a]" started-at="2025-04-11T09:44:15 GMT" name="quitDriver" finished-at="2025-04-11T09:44:15 GMT" duration-ms="132" status="PASS">
          <reporter-output>
          </reporter-output>
        </test-method> <!-- quitDriver -->
      </class> <!-- com.vinsguru.tests.flightreservation.FlightReservationTest -->
    </test> <!-- passengers-count-4 -->
    <test started-at="2025-04-11T09:43:31 GMT" name="passengers-count-2" finished-at="2025-04-11T09:44:15 GMT" duration-ms="43464">
      <class name="com.vinsguru.tests.flightreservation.FlightReservationTest">
        <test-method is-config="true" signature="setDriver(org.testng.ITestContext)[pri:0, instance:com.vinsguru.tests.flightreservation.FlightReservationTest@3f6b0be5]" started-at="2025-04-11T09:43:31 GMT" name="setDriver" finished-at="2025-04-11T09:43:33 GMT" duration-ms="1504" status="PASS">
          <params>
            <param index="0">
              <value>
                <![CDATA[org.testng.TestRunner@7ef82753]]>
              </value>
            </param>
          </params>
          <reporter-output>
          </reporter-output>
        </test-method> <!-- setDriver -->
        <test-method is-config="true" signature="setParameters(java.lang.String)[pri:0, instance:com.vinsguru.tests.flightreservation.FlightReservationTest@3f6b0be5]" started-at="2025-04-11T09:43:33 GMT" name="setParameters" finished-at="2025-04-11T09:43:33 GMT" depends-on-methods="com.vinsguru.tests.AbstractTest.setDriver" duration-ms="192" status="PASS">
          <params>
            <param index="0">
              <value>
                <![CDATA[test-data/flight-reservation/passenger-2.json]]>
              </value>
            </param>
          </params>
          <reporter-output>
          </reporter-output>
        </test-method> <!-- setParameters -->
        <test-method signature="userRegistrationTest()[pri:0, instance:com.vinsguru.tests.flightreservation.FlightReservationTest@3f6b0be5]" started-at="2025-04-11T09:43:33 GMT" name="userRegistrationTest" finished-at="2025-04-11T09:43:48 GMT" duration-ms="15253" status="PASS">
          <reporter-output>
          </reporter-output>
        </test-method> <!-- userRegistrationTest -->
        <test-method is-config="true" signature="sleep()[pri:0, instance:com.vinsguru.tests.flightreservation.FlightReservationTest@3f6b0be5]" started-at="2025-04-11T09:43:48 GMT" name="sleep" finished-at="2025-04-11T09:43:53 GMT" duration-ms="5001" status="PASS">
          <reporter-output>
          </reporter-output>
        </test-method> <!-- sleep -->
        <test-method signature="registrationConfirmationTest()[pri:0, instance:com.vinsguru.tests.flightreservation.FlightReservationTest@3f6b0be5]" started-at="2025-04-11T09:43:53 GMT" name="registrationConfirmationTest" finished-at="2025-04-11T09:43:54 GMT" depends-on-methods="com.vinsguru.tests.flightreservation.FlightReservationTest.userRegistrationTest" duration-ms="284" status="PASS">
          <reporter-output>
          </reporter-output>
        </test-method> <!-- registrationConfirmationTest -->
        <test-method is-config="true" signature="sleep()[pri:0, instance:com.vinsguru.tests.flightreservation.FlightReservationTest@3f6b0be5]" started-at="2025-04-11T09:43:54 GMT" name="sleep" finished-at="2025-04-11T09:43:59 GMT" duration-ms="5000" status="PASS">
          <reporter-output>
          </reporter-output>
        </test-method> <!-- sleep -->
        <test-method signature="flightsSearchTest()[pri:0, instance:com.vinsguru.tests.flightreservation.FlightReservationTest@3f6b0be5]" started-at="2025-04-11T09:43:59 GMT" name="flightsSearchTest" finished-at="2025-04-11T09:43:59 GMT" depends-on-methods="com.vinsguru.tests.flightreservation.FlightReservationTest.registrationConfirmationTest" duration-ms="412" status="PASS">
          <reporter-output>
          </reporter-output>
        </test-method> <!-- flightsSearchTest -->
        <test-method is-config="true" signature="sleep()[pri:0, instance:com.vinsguru.tests.flightreservation.FlightReservationTest@3f6b0be5]" started-at="2025-04-11T09:43:59 GMT" name="sleep" finished-at="2025-04-11T09:44:04 GMT" duration-ms="5001" status="PASS">
          <reporter-output>
          </reporter-output>
        </test-method> <!-- sleep -->
        <test-method signature="flightSelectionTest()[pri:0, instance:com.vinsguru.tests.flightreservation.FlightReservationTest@3f6b0be5]" started-at="2025-04-11T09:44:04 GMT" name="flightSelectionTest" finished-at="2025-04-11T09:44:04 GMT" depends-on-methods="com.vinsguru.tests.flightreservation.FlightReservationTest.flightsSearchTest" duration-ms="463" status="PASS">
          <reporter-output>
          </reporter-output>
        </test-method> <!-- flightSelectionTest -->
        <test-method is-config="true" signature="sleep()[pri:0, instance:com.vinsguru.tests.flightreservation.FlightReservationTest@3f6b0be5]" started-at="2025-04-11T09:44:04 GMT" name="sleep" finished-at="2025-04-11T09:44:09 GMT" duration-ms="5000" status="PASS">
          <reporter-output>
          </reporter-output>
        </test-method> <!-- sleep -->
        <test-method signature="flightReservationConfirmationTest()[pri:0, instance:com.vinsguru.tests.flightreservation.FlightReservationTest@3f6b0be5]" started-at="2025-04-11T09:44:09 GMT" name="flightReservationConfirmationTest" finished-at="2025-04-11T09:44:10 GMT" depends-on-methods="com.vinsguru.tests.flightreservation.FlightReservationTest.flightSelectionTest" duration-ms="194" status="PASS">
          <reporter-output>
          </reporter-output>
        </test-method> <!-- flightReservationConfirmationTest -->
        <test-method is-config="true" signature="sleep()[pri:0, instance:com.vinsguru.tests.flightreservation.FlightReservationTest@3f6b0be5]" started-at="2025-04-11T09:44:10 GMT" name="sleep" finished-at="2025-04-11T09:44:15 GMT" duration-ms="5001" status="PASS">
          <reporter-output>
          </reporter-output>
        </test-method> <!-- sleep -->
        <test-method is-config="true" signature="quitDriver()[pri:0, instance:com.vinsguru.tests.flightreservation.FlightReservationTest@3f6b0be5]" started-at="2025-04-11T09:44:15 GMT" name="quitDriver" finished-at="2025-04-11T09:44:15 GMT" duration-ms="119" status="PASS">
          <reporter-output>
          </reporter-output>
        </test-method> <!-- quitDriver -->
      </class> <!-- com.vinsguru.tests.flightreservation.FlightReservationTest -->
    </test> <!-- passengers-count-2 -->
    <test started-at="2025-04-11T09:43:31 GMT" name="passengers-count-1" finished-at="2025-04-11T09:45:16 GMT" duration-ms="104209">
      <class name="com.vinsguru.tests.flightreservation.FlightReservationTest">
        <test-method is-config="true" signature="setDriver(org.testng.ITestContext)[pri:0, instance:com.vinsguru.tests.flightreservation.FlightReservationTest@2df9b86]" started-at="2025-04-11T09:43:31 GMT" name="setDriver" finished-at="2025-04-11T09:44:27 GMT" duration-ms="56147" status="PASS">
          <params>
            <param index="0">
              <value>
                <![CDATA[org.testng.TestRunner@3e27ba32]]>
              </value>
            </param>
          </params>
          <reporter-output>
          </reporter-output>
        </test-method> <!-- setDriver -->
        <test-method is-config="true" signature="setParameters(java.lang.String)[pri:0, instance:com.vinsguru.tests.flightreservation.FlightReservationTest@2df9b86]" started-at="2025-04-11T09:44:27 GMT" name="setParameters" finished-at="2025-04-11T09:44:27 GMT" depends-on-methods="com.vinsguru.tests.AbstractTest.setDriver" duration-ms="2" status="PASS">
          <params>
            <param index="0">
              <value>
                <![CDATA[test-data/flight-reservation/passenger-1.json]]>
              </value>
            </param>
          </params>
          <reporter-output>
          </reporter-output>
        </test-method> <!-- setParameters -->
        <test-method signature="userRegistrationTest()[pri:0, instance:com.vinsguru.tests.flightreservation.FlightReservationTest@2df9b86]" started-at="2025-04-11T09:44:27 GMT" name="userRegistrationTest" finished-at="2025-04-11T09:44:49 GMT" duration-ms="21662" status="PASS">
          <reporter-output>
          </reporter-output>
        </test-method> <!-- userRegistrationTest -->
        <test-method is-config="true" signature="sleep()[pri:0, instance:com.vinsguru.tests.flightreservation.FlightReservationTest@2df9b86]" started-at="2025-04-11T09:44:49 GMT" name="sleep" finished-at="2025-04-11T09:44:54 GMT" duration-ms="5000" status="PASS">
          <reporter-output>
          </reporter-output>
        </test-method> <!-- sleep -->
        <test-method signature="registrationConfirmationTest()[pri:0, instance:com.vinsguru.tests.flightreservation.FlightReservationTest@2df9b86]" started-at="2025-04-11T09:44:54 GMT" name="registrationConfirmationTest" finished-at="2025-04-11T09:44:55 GMT" depends-on-methods="com.vinsguru.tests.flightreservation.FlightReservationTest.userRegistrationTest" duration-ms="394" status="PASS">
          <reporter-output>
          </reporter-output>
        </test-method> <!-- registrationConfirmationTest -->
        <test-method is-config="true" signature="sleep()[pri:0, instance:com.vinsguru.tests.flightreservation.FlightReservationTest@2df9b86]" started-at="2025-04-11T09:44:55 GMT" name="sleep" finished-at="2025-04-11T09:45:00 GMT" duration-ms="5001" status="PASS">
          <reporter-output>
          </reporter-output>
        </test-method> <!-- sleep -->
        <test-method signature="flightsSearchTest()[pri:0, instance:com.vinsguru.tests.flightreservation.FlightReservationTest@2df9b86]" started-at="2025-04-11T09:45:00 GMT" name="flightsSearchTest" finished-at="2025-04-11T09:45:00 GMT" depends-on-methods="com.vinsguru.tests.flightreservation.FlightReservationTest.registrationConfirmationTest" duration-ms="352" status="PASS">
          <reporter-output>
          </reporter-output>
        </test-method> <!-- flightsSearchTest -->
        <test-method is-config="true" signature="sleep()[pri:0, instance:com.vinsguru.tests.flightreservation.FlightReservationTest@2df9b86]" started-at="2025-04-11T09:45:00 GMT" name="sleep" finished-at="2025-04-11T09:45:05 GMT" duration-ms="5000" status="PASS">
          <reporter-output>
          </reporter-output>
        </test-method> <!-- sleep -->
        <test-method signature="flightSelectionTest()[pri:0, instance:com.vinsguru.tests.flightreservation.FlightReservationTest@2df9b86]" started-at="2025-04-11T09:45:05 GMT" name="flightSelectionTest" finished-at="2025-04-11T09:45:05 GMT" depends-on-methods="com.vinsguru.tests.flightreservation.FlightReservationTest.flightsSearchTest" duration-ms="364" status="PASS">
          <reporter-output>
          </reporter-output>
        </test-method> <!-- flightSelectionTest -->
        <test-method is-config="true" signature="sleep()[pri:0, instance:com.vinsguru.tests.flightreservation.FlightReservationTest@2df9b86]" started-at="2025-04-11T09:45:05 GMT" name="sleep" finished-at="2025-04-11T09:45:10 GMT" duration-ms="5000" status="PASS">
          <reporter-output>
          </reporter-output>
        </test-method> <!-- sleep -->
        <test-method signature="flightReservationConfirmationTest()[pri:0, instance:com.vinsguru.tests.flightreservation.FlightReservationTest@2df9b86]" started-at="2025-04-11T09:45:10 GMT" name="flightReservationConfirmationTest" finished-at="2025-04-11T09:45:10 GMT" depends-on-methods="com.vinsguru.tests.flightreservation.FlightReservationTest.flightSelectionTest" duration-ms="148" status="PASS">
          <reporter-output>
          </reporter-output>
        </test-method> <!-- flightReservationConfirmationTest -->
        <test-method is-config="true" signature="sleep()[pri:0, instance:com.vinsguru.tests.flightreservation.FlightReservationTest@2df9b86]" started-at="2025-04-11T09:45:10 GMT" name="sleep" finished-at="2025-04-11T09:45:15 GMT" duration-ms="5001" status="PASS">
          <reporter-output>
          </reporter-output>
        </test-method> <!-- sleep -->
        <test-method is-config="true" signature="quitDriver()[pri:0, instance:com.vinsguru.tests.flightreservation.FlightReservationTest@2df9b86]" started-at="2025-04-11T09:45:15 GMT" name="quitDriver" finished-at="2025-04-11T09:45:16 GMT" duration-ms="118" status="PASS">
          <reporter-output>
          </reporter-output>
        </test-method> <!-- quitDriver -->
      </class> <!-- com.vinsguru.tests.flightreservation.FlightReservationTest -->
    </test> <!-- passengers-count-1 -->
  </suite> <!-- flight-reservation -->
</testng-results>
